<?xml version="1.0" encoding="UTF-8"?>
<!-- Generated by org.testng.reporters.JUnitReportReporter -->
<testsuite hostname="LAPTOP-MI3FUCT4" failures="0" tests="1" name="org.ZoomCar.testcases.ZoomCar_TestCase01" time="64.633" errors="0" timestamp="2023-06-27T09:31:41 IST" skipped="0">
  <testcase classname="org.ZoomCar.testcases.ZoomCar_TestCase01" name="ZoomCar_HomeWindow" time="64.633"/>
  <system-out/>
</testsuite> <!-- org.ZoomCar.testcases.ZoomCar_TestCase01 -->
