<?xml version="1.0" encoding="UTF-8"?>
<!-- Generated by org.testng.reporters.JUnitReportReporter -->
<testsuite hostname="LAPTOP-MI3FUCT4" failures="0" tests="1" name="org.ZoomCar.testcases.ZoomCar_TestCase01" time="40.852" errors="0" timestamp="2023-06-28T23:05:24 IST" skipped="0">
  <testcase classname="org.ZoomCar.testcases.ZoomCar_TestCase01" name="ZoomCar_HomeWindow" time="40.852"/>
  <system-out/>
</testsuite> <!-- org.ZoomCar.testcases.ZoomCar_TestCase01 -->
